[00:30:51] [main/INFO]: Setting user: Player31
[00:30:52] [Client thread/INFO]: LWJGL Version: 2.9.1
[00:30:56] [Client thread/INFO]: Reloading ResourceManager: Default, FMLFileResourcePack:Forge Mod Loader, FMLFileResourcePack:Minecraft Forge, FMLFileResourcePack:Suygecu Mod
[00:30:57] [Sound Library Loader/INFO]: Sound engine started
[00:30:57] [Client thread/INFO]: Created: 16x16 textures/blocks-atlas
[00:30:57] [Client thread/INFO]: Created: 16x16 textures/items-atlas
[00:30:57] [Client thread/INFO]: Reloading ResourceManager: Default, FMLFileResourcePack:Forge Mod Loader, FMLFileResourcePack:Minecraft Forge, FMLFileResourcePack:Suygecu Mod
[00:30:58] [Client thread/INFO]: Created: 512x256 textures/blocks-atlas
[00:30:58] [Client thread/INFO]: Created: 256x256 textures/items-atlas
[00:30:59] [Sound Library Loader/INFO]: Sound engine started
[00:31:11] [Server thread/INFO]: Starting integrated minecraft server version 1.7.10
[00:31:11] [Server thread/INFO]: Generating keypair
[00:31:11] [Server thread/INFO]: Preparing start region for level 0
[00:31:12] [Server thread/INFO]: Changing view distance to 12, from 10
[00:31:12] [Server thread/INFO]: Player31[local:E:034df7c6] logged in with entity id 300 at (223.5252974342951, 60.0, -216.3730546817383)
[00:31:12] [Server thread/INFO]: Player31 присоединился к игре
[00:31:26] [Server thread/INFO]: Saving and pausing game...
[00:31:26] [Server thread/INFO]: Saving chunks for level 'Новый dasdмир'/Overworld
[00:31:26] [Server thread/INFO]: Saving chunks for level 'Новый dasdмир'/Nether
[00:31:26] [Server thread/INFO]: Saving chunks for level 'Новый dasdмир'/The End
[00:34:08] [Client thread/INFO]: Stopping!
[00:34:08] [Server thread/INFO]: Stopping server
[00:34:08] [Server thread/INFO]: Saving players
[00:34:08] [Server thread/INFO]: Saving worlds
[00:34:08] [Server thread/INFO]: Saving chunks for level 'Новый dasdмир'/Overworld
[00:34:08] [Server thread/INFO]: Saving chunks for level 'Новый dasdмир'/Nether
[00:34:08] [Server thread/INFO]: Saving chunks for level 'Новый dasdмир'/The End
